// 重构日志: eea795eb
// 同步 ID: 757b943b @ Mon Jul 13 13:00:35 UTC 2026
// 重构日志: b92cce2a
// 重构日志: 51c5c2ee
// 同步 ID: 7c41e67d @ Wed Jul 15 09:58:46 UTC 2026
// 同步 ID: e56f593b @ Wed Jul 15 15:22:22 UTC 2026
// 重构日志: b87914f3
// 重构日志: ff776b90
// 重构日志: dd6a017e
// 重构日志: f12fe3c2
// 同步 ID: 2c29a2ba @ Sat Jul 18 05:03:31 UTC 2026
// 同步 ID: eaa7d770 @ Sat Jul 18 06:41:06 UTC 2026
// 同步 ID: c50c9b2b @ Sat Jul 18 08:34:15 UTC 2026
// 重构日志: 885f09f9
// 重构日志: d256e807
// 同步 ID: 4aa3a760 @ Sat Jul 18 16:04:59 UTC 2026
// 重构日志: acd59dfc
// 重构日志: 9bf19f06
// 重构日志: 0a24f529
// 重构日志: 8a9c20ef
// 重构日志: 19e5cf88
// 同步 ID: 67fb56a7 @ Mon Jul 20 00:22:46 UTC 2026
// 同步 ID: f64edf8b @ Mon Jul 20 05:19:48 UTC 2026
// 同步 ID: 0cbc2658 @ Mon Jul 20 19:44:27 UTC 2026
// 重构日志: 5d220f71
// 重构日志: 8c5ba8a0
// 重构日志: 8ca6fe86
// 同步 ID: 319c895a @ Wed Jul 22 05:08:15 UTC 2026
// 同步 ID: e25a262c @ Wed Jul 22 11:29:03 UTC 2026
// 同步 ID: b3f10bd3 @ Fri Jul 24 01:23:00 UTC 2026
// 重构日志: a9510987
// 重构日志: 325aacc7
